Flow report for DE2_115_Default
Thu Oct 24 15:46:55 2019
Quartus II 32-bit Version 13.0.1 Build 232 06/12/2013 Service Pack 1 SJ Web Edition


---------------------
; Table of Contents ;
---------------------
  1. Legal Notice
  2. Flow Summary
  3. Flow Settings
  4. Flow Non-Default Global Settings
  5. Flow Elapsed Time
  6. Flow OS Summary
  7. Flow Log
  8. Flow Messages
  9. Flow Suppressed Messages



----------------
; Legal Notice ;
----------------
Copyright (C) 1991-2013 Altera Corporation
Your use of Altera Corporation's design tools, logic functions 
and other software and tools, and its AMPP partner logic 
functions, and any output files from any of the foregoing 
(including device programming or simulation files), and any 
associated documentation or information are expressly subject 
to the terms and conditions of the Altera Program License 
Subscription Agreement, Altera MegaCore Function License 
Agreement, or other applicable license agreement, including, 
without limitation, that your use is for the sole purpose of 
programming logic devices manufactured by Altera and sold by 
Altera or its authorized distributors.  Please refer to the 
applicable agreement for further details.



+--------------------------------------------------------------------------------------+
; Flow Summary                                                                         ;
+------------------------------------+-------------------------------------------------+
; Flow Status                        ; Successful - Thu Oct 24 15:46:36 2019           ;
; Quartus II 32-bit Version          ; 13.0.1 Build 232 06/12/2013 SP 1 SJ Web Edition ;
; Revision Name                      ; DE2_115_Default                                 ;
; Top-level Entity Name              ; DE2_115_Default                                 ;
; Family                             ; Cyclone IV E                                    ;
; Device                             ; EP4CE115F29C7                                   ;
; Timing Models                      ; Final                                           ;
; Total logic elements               ; 4,941 / 114,480 ( 4 % )                         ;
;     Total combinational functions  ; 4,290 / 114,480 ( 4 % )                         ;
;     Dedicated logic registers      ; 2,128 / 114,480 ( 2 % )                         ;
; Total registers                    ; 2128                                            ;
; Total pins                         ; 518 / 529 ( 98 % )                              ;
; Total virtual pins                 ; 0                                               ;
; Total memory bits                  ; 418,390 / 3,981,312 ( 11 % )                    ;
; Embedded Multiplier 9-bit elements ; 0 / 532 ( 0 % )                                 ;
; Total PLLs                         ; 1 / 4 ( 25 % )                                  ;
+------------------------------------+-------------------------------------------------+


+-----------------------------------------+
; Flow Settings                           ;
+-------------------+---------------------+
; Option            ; Setting             ;
+-------------------+---------------------+
; Start date & time ; 10/24/2019 15:44:36 ;
; Main task         ; Compilation         ;
; Revision Name     ; DE2_115_Default     ;
+-------------------+---------------------+


+----------------------------------------------------------------------------------------------------------------------------------------------------------+
; Flow Non-Default Global Settings                                                                                                                         ;
+-------------------------------------+---------------------------------------------------------------------+---------------+-------------+----------------+
; Assignment Name                     ; Value                                                               ; Default Value ; Entity Name ; Section Id     ;
+-------------------------------------+---------------------------------------------------------------------+---------------+-------------+----------------+
; COMPILER_SIGNATURE_ID               ; 0.157189947609480                                                   ; --            ; --          ; --             ;
; MAX_CORE_JUNCTION_TEMP              ; 85                                                                  ; --            ; --          ; --             ;
; MIN_CORE_JUNCTION_TEMP              ; 0                                                                   ; --            ; --          ; --             ;
; MISC_FILE                           ; D:/Assignment/DE2_115_Default/DE2_115_Default.dpf                   ; --            ; --          ; --             ;
; MISC_FILE                           ; E:/SVN/DE2_115/trunk/ref_design/DE2_115_Default/DE2_115_Default.dpf ; --            ; --          ; --             ;
; MISC_FILE                           ; E:/DE2_115_NEW/trunk/ref_design/DE2_115_Default/DE2_115_Default.dpf ; --            ; --          ; --             ;
; NUM_PARALLEL_PROCESSORS             ; 2                                                                   ; --            ; --          ; --             ;
; PARTITION_COLOR                     ; 16764057                                                            ; --            ; --          ; Top            ;
; PARTITION_FITTER_PRESERVATION_LEVEL ; PLACEMENT_AND_ROUTING                                               ; --            ; --          ; Top            ;
; PARTITION_NETLIST_TYPE              ; SOURCE                                                              ; --            ; --          ; Top            ;
; POWER_BOARD_THERMAL_MODEL           ; None (CONSERVATIVE)                                                 ; --            ; --          ; --             ;
; POWER_PRESET_COOLING_SOLUTION       ; 23 MM HEAT SINK WITH 200 LFPM AIRFLOW                               ; --            ; --          ; --             ;
; SMART_RECOMPILE                     ; On                                                                  ; Off           ; --          ; --             ;
; USE_GENERATED_PHYSICAL_CONSTRAINTS  ; Off                                                                 ; --            ; --          ; eda_blast_fpga ;
+-------------------------------------+---------------------------------------------------------------------+---------------+-------------+----------------+


+-------------------------------------------------------------------------------------------------------------------------------+
; Flow Elapsed Time                                                                                                             ;
+---------------------------+--------------+-------------------------+---------------------+------------------------------------+
; Module Name               ; Elapsed Time ; Average Processors Used ; Peak Virtual Memory ; Total CPU Time (on all processors) ;
+---------------------------+--------------+-------------------------+---------------------+------------------------------------+
; Analysis & Synthesis      ; 00:00:27     ; 1.0                     ; 425 MB              ; 00:00:23                           ;
; Fitter                    ; 00:01:20     ; 1.0                     ; 725 MB              ; 00:01:18                           ;
; Assembler                 ; 00:00:06     ; 1.0                     ; 370 MB              ; 00:00:05                           ;
; TimeQuest Timing Analyzer ; 00:00:17     ; 1.0                     ; 497 MB              ; 00:00:15                           ;
; Total                     ; 00:02:10     ; --                      ; --                  ; 00:02:01                           ;
+---------------------------+--------------+-------------------------+---------------------+------------------------------------+


+-----------------------------------------------------------------------------------------------------------+
; Flow OS Summary                                                                                           ;
+---------------------------+--------------------------------+--------------+--------------+----------------+
; Module Name               ; Machine Hostname               ; OS Name      ; OS Version   ; Processor type ;
+---------------------------+--------------------------------+--------------+--------------+----------------+
; Analysis & Synthesis      ; icec12.ice.nuie.nagoya-u.ac.jp ; CentOS Linux ; CentOS Linux ; x86_64         ;
; Fitter                    ; icec12.ice.nuie.nagoya-u.ac.jp ; CentOS Linux ; CentOS Linux ; x86_64         ;
; Assembler                 ; icec12.ice.nuie.nagoya-u.ac.jp ; CentOS Linux ; CentOS Linux ; x86_64         ;
; TimeQuest Timing Analyzer ; icec12.ice.nuie.nagoya-u.ac.jp ; CentOS Linux ; CentOS Linux ; x86_64         ;
+---------------------------+--------------------------------+--------------+--------------+----------------+


------------
; Flow Log ;
------------
quartus_map --read_settings_files=on --write_settings_files=off DE2_115_Default -c DE2_115_Default
quartus_fit --read_settings_files=off --write_settings_files=off DE2_115_Default -c DE2_115_Default
quartus_asm --read_settings_files=off --write_settings_files=off DE2_115_Default -c DE2_115_Default
quartus_sta DE2_115_Default -c DE2_115_Default



